<?xml version="1.0" encoding="UTF-8"?>
<testsuite xmlns:xsi="http://www.w3.org/2001/XMLSchema-instance" xsi:noNamespaceSchemaLocation="https://maven.apache.org/surefire/maven-surefire-plugin/xsd/surefire-test-report.xsd" name="com.rbittencourt.services.ProductServiceTest" time="3.091" tests="4" errors="0" skipped="0" failures="0">
  <properties>
[...]
</properties>
  <testcase name="shouldReturnNullWhenNotFoundProduct" classname="com.rbittencourt.services.ProductServiceTest" time="2.836"/>
  <testcase name="shouldListAllProducts" classname="com.rbittencourt.services.ProductServiceTest" time="0.027"/>
  <testcase name="shouldSaveProduct" classname="com.rbittencourt.services.ProductServiceTest" time="0.008"/>
  <testcase name="shouldGetProductById" classname="com.rbittencourt.services.ProductServiceTest" time="0.008"/>
</testsuite>